D:\PROJECT\FORMATCONVERSION\FORMATCONVERSION\DEBUG\CONTROLLER.OBJ
D:\PROJECT\FORMATCONVERSION\FORMATCONVERSION\DEBUG\EDGEOBJ.OBJ
D:\PROJECT\FORMATCONVERSION\FORMATCONVERSION\DEBUG\FILEIO.OBJ
D:\PROJECT\FORMATCONVERSION\FORMATCONVERSION\DEBUG\MAIN.OBJ
D:\PROJECT\FORMATCONVERSION\FORMATCONVERSION\DEBUG\VC110.PDB
D:\PROJECT\FORMATCONVERSION\DEBUG\FORMATCONVERSION.ILK
D:\PROJECT\FORMATCONVERSION\DEBUG\FORMATCONVERSION.EXE
D:\PROJECT\FORMATCONVERSION\DEBUG\FORMATCONVERSION.PDB
D:\Project\FormatConversion\FormatConversion\Debug\Controller.obj
D:\Project\FormatConversion\FormatConversion\Debug\EdgeObj.obj
D:\Project\FormatConversion\FormatConversion\Debug\FileIO.obj
D:\Project\FormatConversion\FormatConversion\Debug\Main.obj
D:\Project\FormatConversion\FormatConversion\Debug\cl.command.1.tlog
D:\Project\FormatConversion\FormatConversion\Debug\CL.read.1.tlog
D:\Project\FormatConversion\FormatConversion\Debug\CL.write.1.tlog
D:\Project\FormatConversion\FormatConversion\Debug\link-cvtres.read.1.tlog
D:\Project\FormatConversion\FormatConversion\Debug\link-cvtres.write.1.tlog
D:\Project\FormatConversion\FormatConversion\Debug\link-rc.read.1.tlog
D:\Project\FormatConversion\FormatConversion\Debug\link-rc.write.1.tlog
D:\Project\FormatConversion\FormatConversion\Debug\link.command.1.tlog
D:\Project\FormatConversion\FormatConversion\Debug\link.read.1.tlog
D:\Project\FormatConversion\FormatConversion\Debug\link.write.1.tlog
D:\Project\FormatConversion\FormatConversion\Debug\vc110.idb
D:\Project\FormatConversion\FormatConversion\Debug\vc110.pdb
D:\Project\FormatConversion\Debug\FormatConversion.pdb
D:\Project\FormatConversion\Debug\FormatConversion.exe
D:\Project\FormatConversion\Debug\FormatConversion.ilk
