生成启动时间为 2015/6/10 15:32:14。
     1>项目“D:\Project\FormatConversion\FormatConversion\FormatConversion.vcxproj”在节点 2 上(Build 个目标)。
     1>InitializeBuildStatus:
         正在创建“Debug\FormatConversion.unsuccessfulbuild”，因为已指定“AlwaysCreate”。
       ClCompile:
         C:\Program Files (x86)\Microsoft Visual Studio 11.0\VC\bin\CL.exe /c /ZI /nologo /W3 /WX- /Od /Oy- /D WIN32 /D _DEBUG /D _CONSOLE /D _UNICODE /D UNICODE /Gm /EHsc /RTC1 /MDd /GS /fp:precise /Zc:wchar_t /Zc:forScope /Fo"Debug\\" /Fd"Debug\vc110.pdb" /Gd /TP /analyze- /errorReport:prompt Controller.cpp
         Controller.cpp
     1>d:\project\formatconversion\formatconversion\controller.cpp(98): warning C4018: “<”: 有符号/无符号不匹配
     1>d:\project\formatconversion\formatconversion\controller.cpp(154): warning C4018: “<”: 有符号/无符号不匹配
     1>d:\project\formatconversion\formatconversion\controller.cpp(217): warning C4018: “<”: 有符号/无符号不匹配
     1>d:\project\formatconversion\formatconversion\controller.cpp(240): warning C4018: “<”: 有符号/无符号不匹配
     1>d:\project\formatconversion\formatconversion\controller.cpp(290): warning C4018: “<”: 有符号/无符号不匹配
     1>d:\project\formatconversion\formatconversion\controller.cpp(364): warning C4018: “<”: 有符号/无符号不匹配
     1>d:\project\formatconversion\formatconversion\controller.cpp(396): warning C4553: “==”: 运算符不起任何作用；是否是有意使用“=”的?
     1>d:\project\formatconversion\formatconversion\controller.cpp(402): warning C4018: “<”: 有符号/无符号不匹配
       Link:
         C:\Program Files (x86)\Microsoft Visual Studio 11.0\VC\bin\link.exe /ERRORREPORT:PROMPT /OUT:"D:\Project\FormatConversion\Debug\FormatConversion.exe" /INCREMENTAL /NOLOGO kernel32.lib user32.lib gdi32.lib winspool.lib comdlg32.lib advapi32.lib shell32.lib ole32.lib oleaut32.lib uuid.lib odbc32.lib odbccp32.lib /MANIFEST /MANIFESTUAC:"level='asInvoker' uiAccess='false'" /manifest:embed /DEBUG /PDB:"D:\Project\FormatConversion\Debug\FormatConversion.pdb" /SUBSYSTEM:CONSOLE /TLBID:1 /DYNAMICBASE /NXCOMPAT /IMPLIB:"D:\Project\FormatConversion\Debug\FormatConversion.lib" /MACHINE:X86 Debug\Controller.obj
         Debug\EdgeObj.obj
         Debug\FileIO.obj
         Debug\Main.obj
         Debug\RoadObj.obj
         FormatConversion.vcxproj -> D:\Project\FormatConversion\Debug\FormatConversion.exe
       FinalizeBuildStatus:
         正在删除文件“Debug\FormatConversion.unsuccessfulbuild”。
         正在对“Debug\FormatConversion.lastbuildstate”执行 Touch 任务。
     1>已完成生成项目“D:\Project\FormatConversion\FormatConversion\FormatConversion.vcxproj”(Build 个目标)的操作。

生成成功。

已用时间 00:00:01.05
